<?xml version="1.0" encoding="UTF-8"?>
<!-- Generated by org.testng.reporters.JUnitReportReporter -->
<testsuite hostname="INW-169" name="HomePage.Footer" tests="3" failures="0" timestamp="2 Apr 2019 13:46:09 GMT" time="302.496" errors="0">
  <testcase name="AboutSalesForce" time="177.798" classname="HomePage.Footer"/>
  <testcase name="NewToSalesForce" time="29.144" classname="HomePage.Footer"/>
  <testcase name="PopularLinks" time="95.554" classname="HomePage.Footer"/>
</testsuite> <!-- HomePage.Footer -->
