<?xml version="1.0" encoding="UTF-8"?>
<!-- Generated by org.testng.reporters.JUnitReportReporter -->
<testsuite hostname="INW-169" name="SupportAndServices.LeftPannel" tests="6" failures="0" timestamp="5 Apr 2019 13:29:04 GMT" time="1390.667" errors="0">
  <testcase name="NavTabclass" time="68.326" classname="SupportAndServices.LeftPannel"/>
  <testcase name="TopicsSelectAll" time="451.221" classname="SupportAndServices.LeftPannel"/>
  <testcase name="ContentType" time="211.329" classname="SupportAndServices.LeftPannel"/>
  <testcase name="SelectRandom" time="80.964" classname="SupportAndServices.LeftPannel"/>
  <testcase name="SelectAllLangugaes" time="426.080" classname="SupportAndServices.LeftPannel"/>
  <testcase name="Experience" time="152.747" classname="SupportAndServices.LeftPannel"/>
</testsuite> <!-- SupportAndServices.LeftPannel -->
