<?xml version="1.0" encoding="UTF-8"?>
<!-- Generated by org.testng.reporters.JUnitReportReporter -->
<testsuite hostname="INW-169" name="Events.EventManagement" tests="3" failures="0" timestamp="2 Apr 2019 13:46:09 GMT" time="171.001" errors="0">
  <testcase name="SelectEvent" time="66.898" classname="Events.EventManagement"/>
  <testcase name="SelectEventCountry" time="33.304" classname="Events.EventManagement"/>
  <testcase name="ViewMore" time="70.799" classname="Events.EventManagement"/>
</testsuite> <!-- Events.EventManagement -->
