<?xml version="1.0" encoding="UTF-8"?>
<!-- Generated by org.testng.reporters.JUnitReportReporter -->
<testsuite hostname="INW-169" name="Products.Products" tests="1" failures="0" timestamp="27 Mar 2019 12:55:08 GMT" time="174.064" errors="0">
  <testcase name="HoverTabs" time="174.064" classname="Products.Products"/>
</testsuite> <!-- Products.Products -->
