<?xml version="1.0" encoding="UTF-8"?>
<!-- Generated by org.testng.reporters.JUnitReportReporter -->
<testsuite hostname="INW-169" name="HomePage.Footer" tests="3" failures="0" timestamp="28 Mar 2019 12:06:05 GMT" time="297.383" errors="0">
  <testcase name="NewToSalesForce" time="24.521" classname="HomePage.Footer"/>
  <testcase name="AboutSalesForce" time="183.867" classname="HomePage.Footer"/>
  <testcase name="PopularLinks" time="88.995" classname="HomePage.Footer"/>
</testsuite> <!-- HomePage.Footer -->
