<?xml version="1.0" encoding="UTF-8"?>
<!-- Generated by org.testng.reporters.JUnitReportReporter -->
<testsuite hostname="INW-169" name="SupportAndServices.LeftPannel" tests="5" failures="0" timestamp="4 Apr 2019 13:00:58 GMT" time="800.949" errors="0">
  <testcase name="SelectAllLangugaes" time="144.289" classname="SupportAndServices.LeftPannel"/>
  <testcase name="SelectRandom" time="58.901" classname="SupportAndServices.LeftPannel"/>
  <testcase name="ContentType" time="208.882" classname="SupportAndServices.LeftPannel"/>
  <testcase name="Experience" time="124.965" classname="SupportAndServices.LeftPannel"/>
  <testcase name="TopicsSelectAll" time="263.912" classname="SupportAndServices.LeftPannel"/>
</testsuite> <!-- SupportAndServices.LeftPannel -->
