<?xml version="1.0" encoding="UTF-8"?>
<!-- Generated by org.testng.reporters.JUnitReportReporter -->
<testsuite hostname="INW-169" name="HomePage.Footer" tests="3" failures="0" timestamp="28 Mar 2019 10:06:38 GMT" time="348.735" errors="0">
  <testcase name="AboutSalesForce" time="198.292" classname="HomePage.Footer"/>
  <testcase name="NewToSalesForce" time="33.273" classname="HomePage.Footer"/>
  <testcase name="PopularLinks" time="117.170" classname="HomePage.Footer"/>
</testsuite> <!-- HomePage.Footer -->
