<?xml version="1.0" encoding="UTF-8"?>
<!-- Generated by org.testng.reporters.JUnitReportReporter -->
<testsuite hostname="INW-169" name="HomePage.MidContent" tests="1" failures="0" timestamp="25 Mar 2019 13:54:54 GMT" time="211.646" errors="0">
  <testcase name="SalesForceCustomerSuccess" time="211.646" classname="HomePage.MidContent"/>
</testsuite> <!-- HomePage.MidContent -->
