<?xml version="1.0" encoding="UTF-8"?>
<!-- Generated by org.testng.reporters.JUnitReportReporter -->
<testsuite hostname="INW-169" name="HomePage.Footer" tests="3" failures="0" timestamp="29 Mar 2019 08:08:27 GMT" time="341.772" errors="0">
  <testcase name="AboutSalesForce" time="208.541" classname="HomePage.Footer"/>
  <testcase name="PopularLinks" time="103.913" classname="HomePage.Footer"/>
  <testcase name="NewToSalesForce" time="29.318" classname="HomePage.Footer"/>
</testsuite> <!-- HomePage.Footer -->
