<?xml version="1.0" encoding="UTF-8"?>
<!-- Generated by org.testng.reporters.JUnitReportReporter -->
<testsuite hostname="INW-169" name="HomePage.Header" tests="8" failures="0" timestamp="26 Mar 2019 14:58:20 GMT" time="1027.980" errors="0">
  <testcase name="ContactUsSelect1" time="118.395" classname="HomePage.Header"/>
  <testcase name="InputTypeAndErase" time="24.637" classname="HomePage.Header"/>
  <testcase name="Globe" time="485.094" classname="HomePage.Header"/>
  <testcase name="NavBarHover" time="215.729" classname="HomePage.Header"/>
  <testcase name="ContactUsSelect2" time="21.590" classname="HomePage.Header"/>
  <testcase name="ContactUsSelect3" time="74.758" classname="HomePage.Header"/>
  <testcase name="InputSearch" time="35.163" classname="HomePage.Header"/>
  <testcase name="LoginClick" time="52.614" classname="HomePage.Header"/>
</testsuite> <!-- HomePage.Header -->
