<?xml version="1.0" encoding="UTF-8"?>
<!-- Generated by org.testng.reporters.JUnitReportReporter -->
<testsuite hostname="INW-169" name="CustomerSuccess.SortBy" tests="1" failures="0" timestamp="28 Mar 2019 12:06:05 GMT" time="81.381" errors="0">
  <testcase name="FilterCustomer" time="81.381" classname="CustomerSuccess.SortBy"/>
</testsuite> <!-- CustomerSuccess.SortBy -->
