<?xml version="1.0" encoding="UTF-8"?>
<!-- Generated by org.testng.reporters.JUnitReportReporter -->
<testsuite hostname="INW-169" name="HomePage.Footer" tests="3" failures="0" timestamp="2 Apr 2019 14:49:06 GMT" time="308.318" errors="0">
  <testcase name="PopularLinks" time="93.782" classname="HomePage.Footer"/>
  <testcase name="NewToSalesForce" time="29.620" classname="HomePage.Footer"/>
  <testcase name="AboutSalesForce" time="184.916" classname="HomePage.Footer"/>
</testsuite> <!-- HomePage.Footer -->
