<?xml version="1.0" encoding="UTF-8"?>
<!-- Generated by org.testng.reporters.JUnitReportReporter -->
<testsuite hostname="INW-169" name="Solutions.Solutions" tests="1" failures="0" timestamp="29 Mar 2019 08:08:27 GMT" time="112.411" errors="0">
  <testcase name="RadioOptions" time="112.411" classname="Solutions.Solutions"/>
</testsuite> <!-- Solutions.Solutions -->
