<?xml version="1.0" encoding="UTF-8"?>
<!-- Generated by org.testng.reporters.JUnitReportReporter -->
<testsuite hostname="INW-169" name="HomePage.Header" tests="8" failures="0" timestamp="4 Apr 2019 13:00:58 GMT" time="2423.173" errors="0">
  <testcase name="ContactUsSelect1" time="126.596" classname="HomePage.Header"/>
  <testcase name="InputSearch" time="120.430" classname="HomePage.Header"/>
  <testcase name="NavBarHover" time="328.186" classname="HomePage.Header"/>
  <testcase name="LoginClick" time="75.106" classname="HomePage.Header"/>
  <testcase name="InputTypeAndErase" time="94.965" classname="HomePage.Header"/>
  <testcase name="ContactUsSelect2" time="39.287" classname="HomePage.Header"/>
  <testcase name="Globe" time="1545.340" classname="HomePage.Header"/>
  <testcase name="ContactUsSelect3" time="93.263" classname="HomePage.Header"/>
</testsuite> <!-- HomePage.Header -->
