<?xml version="1.0" encoding="UTF-8"?>
<!-- Generated by org.testng.reporters.JUnitReportReporter -->
<testsuite hostname="INW-169" name="Solutions.Solutions" tests="1" failures="0" timestamp="5 Apr 2019 13:29:04 GMT" time="165.875" errors="0">
  <testcase name="RadioOptions" time="165.875" classname="Solutions.Solutions"/>
</testsuite> <!-- Solutions.Solutions -->
