<?xml version="1.0" encoding="UTF-8"?>
<!-- Generated by org.testng.reporters.JUnitReportReporter -->
<testsuite hostname="INW-169" name="Events.EventManagement" tests="3" failures="0" timestamp="4 Apr 2019 13:00:58 GMT" time="347.321" errors="0">
  <testcase name="ViewMore" time="62.469" classname="Events.EventManagement"/>
  <testcase name="SelectEvent" time="229.653" classname="Events.EventManagement"/>
  <testcase name="SelectEventCountry" time="55.199" classname="Events.EventManagement"/>
</testsuite> <!-- Events.EventManagement -->
