<?xml version="1.0" encoding="UTF-8"?>
<!-- Generated by org.testng.reporters.JUnitReportReporter -->
<testsuite hostname="INW-169" name="Products.Products" tests="1" failures="0" timestamp="29 Mar 2019 09:37:31 GMT" time="165.202" errors="0">
  <testcase name="HoverTabs" time="165.202" classname="Products.Products"/>
</testsuite> <!-- Products.Products -->
