<?xml version="1.0" encoding="UTF-8"?>
<!-- Generated by org.testng.reporters.JUnitReportReporter -->
<testsuite hostname="INW-169" name="Solutions.Solutions" tests="1" failures="0" timestamp="29 Mar 2019 09:37:31 GMT" time="113.147" errors="0">
  <testcase name="RadioOptions" time="113.147" classname="Solutions.Solutions"/>
</testsuite> <!-- Solutions.Solutions -->
