<?xml version="1.0" encoding="UTF-8"?>
<!-- Generated by org.testng.reporters.JUnitReportReporter -->
<testsuite hostname="INW-169" name="Products.Products" tests="1" failures="0" timestamp="29 Mar 2019 08:08:27 GMT" time="184.093" errors="0">
  <testcase name="HoverTabs" time="184.093" classname="Products.Products"/>
</testsuite> <!-- Products.Products -->
