<?xml version="1.0" encoding="UTF-8"?>
<!-- Generated by org.testng.reporters.JUnitReportReporter -->
<testsuite hostname="INW-169" name="Products.Products" tests="1" failures="0" timestamp="28 Mar 2019 10:06:38 GMT" time="166.024" errors="0">
  <testcase name="HoverTabs" time="166.024" classname="Products.Products"/>
</testsuite> <!-- Products.Products -->
