<?xml version="1.0" encoding="UTF-8"?>
<!-- Generated by org.testng.reporters.JUnitReportReporter -->
<testsuite hostname="INW-169" name="SupportAndServices.InputSupport" tests="3" failures="0" timestamp="2 Apr 2019 14:49:06 GMT" time="434.202" errors="0">
  <testcase name="NavigateTopResults" time="216.685" classname="SupportAndServices.InputSupport"/>
  <testcase name="VisitTopResults" time="168.298" classname="SupportAndServices.InputSupport"/>
  <testcase name="SearchInput" time="49.219" classname="SupportAndServices.InputSupport"/>
</testsuite> <!-- SupportAndServices.InputSupport -->
