<?xml version="1.0" encoding="UTF-8"?>
<!-- Generated by org.testng.reporters.JUnitReportReporter -->
<testsuite hostname="INW-169" name="HomePage.Header" tests="8" failures="0" timestamp="29 Mar 2019 09:37:31 GMT" time="976.880" errors="0">
  <testcase name="InputSearch" time="38.715" classname="HomePage.Header"/>
  <testcase name="Globe" time="478.779" classname="HomePage.Header"/>
  <testcase name="LoginClick" time="49.393" classname="HomePage.Header"/>
  <testcase name="ContactUsSelect3" time="77.948" classname="HomePage.Header"/>
  <testcase name="ContactUsSelect1" time="131.156" classname="HomePage.Header"/>
  <testcase name="ContactUsSelect2" time="21.308" classname="HomePage.Header"/>
  <testcase name="NavBarHover" time="154.585" classname="HomePage.Header"/>
  <testcase name="InputTypeAndErase" time="24.996" classname="HomePage.Header"/>
</testsuite> <!-- HomePage.Header -->
