<?xml version="1.0" encoding="UTF-8"?>
<!-- Generated by org.testng.reporters.JUnitReportReporter -->
<testsuite hostname="INW-169" name="CustomerSuccess.SortBy" tests="1" failures="0" timestamp="2 Apr 2019 14:49:06 GMT" time="80.921" errors="0">
  <testcase name="FilterCustomer" time="80.921" classname="CustomerSuccess.SortBy"/>
</testsuite> <!-- CustomerSuccess.SortBy -->
