<?xml version="1.0" encoding="UTF-8"?>
<!-- Generated by org.testng.reporters.JUnitReportReporter -->
<testsuite hostname="INW-169" name="SupportAndServices.LeftPannel" tests="5" failures="0" timestamp="2 Apr 2019 14:49:06 GMT" time="642.430" errors="0">
  <testcase name="ContentType" time="159.514" classname="SupportAndServices.LeftPannel"/>
  <testcase name="SelectRandom" time="39.950" classname="SupportAndServices.LeftPannel"/>
  <testcase name="SelectAllLangugaes" time="125.623" classname="SupportAndServices.LeftPannel"/>
  <testcase name="Experience" time="85.133" classname="SupportAndServices.LeftPannel"/>
  <testcase name="TopicsSelectAll" time="232.210" classname="SupportAndServices.LeftPannel"/>
</testsuite> <!-- SupportAndServices.LeftPannel -->
