<?xml version="1.0" encoding="UTF-8"?>
<!-- Generated by org.testng.reporters.JUnitReportReporter -->
<testsuite hostname="INW-169" name="Events.EventManagement" tests="3" failures="0" timestamp="2 Apr 2019 14:49:06 GMT" time="121.023" errors="0">
  <testcase name="SelectEvent" time="59.121" classname="Events.EventManagement"/>
  <testcase name="ViewMore" time="36.435" classname="Events.EventManagement"/>
  <testcase name="SelectEventCountry" time="25.467" classname="Events.EventManagement"/>
</testsuite> <!-- Events.EventManagement -->
