<?xml version="1.0" encoding="UTF-8"?>
<!-- Generated by org.testng.reporters.JUnitReportReporter -->
<testsuite hostname="INW-169" name="Products.Products" tests="1" failures="0" timestamp="4 Apr 2019 13:00:58 GMT" time="827.780" errors="0">
  <testcase name="HoverTabs" time="827.780" classname="Products.Products"/>
</testsuite> <!-- Products.Products -->
