<?xml version="1.0" encoding="UTF-8"?>
<!-- Generated by org.testng.reporters.JUnitReportReporter -->
<testsuite hostname="INW-169" name="Products.Products" tests="1" failures="0" timestamp="27 Mar 2019 11:34:39 GMT" time="210.710" errors="0">
  <testcase name="HoverTabs" time="210.710" classname="Products.Products"/>
</testsuite> <!-- Products.Products -->
