<?xml version="1.0" encoding="UTF-8"?>
<!-- Generated by org.testng.reporters.JUnitReportReporter -->
<testsuite hostname="INW-169" name="CustomerSuccess.SortBy" tests="1" failures="0" timestamp="5 Apr 2019 13:29:04 GMT" time="109.678" errors="0">
  <testcase name="FilterCustomer" time="109.678" classname="CustomerSuccess.SortBy"/>
</testsuite> <!-- CustomerSuccess.SortBy -->
