<?xml version="1.0" encoding="UTF-8"?>
<!-- Generated by org.testng.reporters.JUnitReportReporter -->
<testsuite hostname="INW-169" name="Solutions.Solutions" tests="1" failures="0" timestamp="28 Mar 2019 12:06:05 GMT" time="109.758" errors="0">
  <testcase name="RadioOptions" time="109.758" classname="Solutions.Solutions"/>
</testsuite> <!-- Solutions.Solutions -->
