<?xml version="1.0" encoding="UTF-8"?>
<!-- Generated by org.testng.reporters.JUnitReportReporter -->
<testsuite hostname="INW-169" name="Solutions.Solutions" tests="1" failures="0" timestamp="4 Apr 2019 13:00:58 GMT" time="153.103" errors="0">
  <testcase name="RadioOptions" time="153.103" classname="Solutions.Solutions"/>
</testsuite> <!-- Solutions.Solutions -->
