<?xml version="1.0" encoding="UTF-8"?>
<!-- Generated by org.testng.reporters.JUnitReportReporter -->
<testsuite hostname="INW-169" name="HomePage.Footer" tests="3" failures="0" timestamp="25 Mar 2019 13:26:28 GMT" time="325.424" errors="0">
  <testcase name="NewToSalesForce" time="30.794" classname="HomePage.Footer"/>
  <testcase name="PopularLinks" time="99.350" classname="HomePage.Footer"/>
  <testcase name="AboutSalesForce" time="195.280" classname="HomePage.Footer"/>
</testsuite> <!-- HomePage.Footer -->
