<?xml version="1.0" encoding="UTF-8"?>
<!-- Generated by org.testng.reporters.JUnitReportReporter -->
<testsuite hostname="INW-169" name="Solutions.Solutions" tests="1" failures="0" timestamp="2 Apr 2019 13:46:09 GMT" time="129.915" errors="0">
  <testcase name="RadioOptions" time="129.915" classname="Solutions.Solutions"/>
</testsuite> <!-- Solutions.Solutions -->
