<?xml version="1.0" encoding="UTF-8"?>
<!-- Generated by org.testng.reporters.JUnitReportReporter -->
<testsuite hostname="INW-169" name="Solutions.Solutions" tests="1" failures="0" timestamp="28 Mar 2019 10:06:38 GMT" time="114.224" errors="0">
  <testcase name="RadioOptions" time="114.224" classname="Solutions.Solutions"/>
</testsuite> <!-- Solutions.Solutions -->
