<?xml version="1.0" encoding="UTF-8"?>
<!-- Generated by org.testng.reporters.JUnitReportReporter -->
<testsuite hostname="INW-169" name="Products.Products" tests="1" failures="0" timestamp="28 Mar 2019 12:06:05 GMT" time="162.912" errors="0">
  <testcase name="HoverTabs" time="162.912" classname="Products.Products"/>
</testsuite> <!-- Products.Products -->
