<?xml version="1.0" encoding="UTF-8"?>
<!-- Generated by org.testng.reporters.JUnitReportReporter -->
<testsuite hostname="INW-169" name="HomePage.Footer" tests="3" failures="0" timestamp="29 Mar 2019 09:37:31 GMT" time="305.150" errors="0">
  <testcase name="NewToSalesForce" time="29.348" classname="HomePage.Footer"/>
  <testcase name="PopularLinks" time="93.944" classname="HomePage.Footer"/>
  <testcase name="AboutSalesForce" time="181.858" classname="HomePage.Footer"/>
</testsuite> <!-- HomePage.Footer -->
