<?xml version="1.0" encoding="UTF-8"?>
<!-- Generated by org.testng.reporters.JUnitReportReporter -->
<testsuite hostname="INW-169" name="TryForFreeWithExcel.TFFFormPage" tests="1" failures="0" timestamp="27 Mar 2019 13:36:56 GMT" time="47.504" errors="0">
  <testcase name="TestExcel" time="47.504" classname="TryForFreeWithExcel.TFFFormPage"/>
</testsuite> <!-- TryForFreeWithExcel.TFFFormPage -->
