<?xml version="1.0" encoding="UTF-8"?>
<!-- Generated by org.testng.reporters.JUnitReportReporter -->
<testsuite hostname="INW-169" name="TryForFreeWithExcel.TFFFormPage" tests="1" failures="0" timestamp="28 Mar 2019 12:21:40 GMT" time="49.086" errors="0">
  <testcase name="TestExcel" time="49.086" classname="TryForFreeWithExcel.TFFFormPage"/>
</testsuite> <!-- TryForFreeWithExcel.TFFFormPage -->
