<?xml version="1.0" encoding="UTF-8"?>
<!-- Generated by org.testng.reporters.JUnitReportReporter -->
<testsuite hostname="INW-169" name="HomePage.Footer" tests="3" failures="0" timestamp="25 Mar 2019 08:49:49 GMT" time="320.541" errors="0">
  <testcase name="NewToSalesForce" time="24.275" classname="HomePage.Footer"/>
  <testcase name="AboutSalesForce" time="208.757" classname="HomePage.Footer"/>
  <testcase name="PopularLinks" time="87.509" classname="HomePage.Footer"/>
</testsuite> <!-- HomePage.Footer -->
