<?xml version="1.0" encoding="UTF-8"?>
<!-- Generated by org.testng.reporters.JUnitReportReporter -->
<testsuite hostname="INW-169" name="HomePage.Footer" tests="3" failures="0" timestamp="26 Mar 2019 14:58:20 GMT" time="351.219" errors="0">
  <testcase name="NewToSalesForce" time="30.387" classname="HomePage.Footer"/>
  <testcase name="AboutSalesForce" time="226.212" classname="HomePage.Footer"/>
  <testcase name="PopularLinks" time="94.620" classname="HomePage.Footer"/>
</testsuite> <!-- HomePage.Footer -->
