<?xml version="1.0" encoding="UTF-8"?>
<!-- Generated by org.testng.reporters.JUnitReportReporter -->
<testsuite hostname="INW-169" name="Products.Products" tests="1" failures="0" timestamp="2 Apr 2019 13:46:09 GMT" time="155.455" errors="0">
  <testcase name="HoverTabs" time="155.455" classname="Products.Products"/>
</testsuite> <!-- Products.Products -->
