<?xml version="1.0" encoding="UTF-8"?>
<!-- Generated by org.testng.reporters.JUnitReportReporter -->
<testsuite hostname="INW-169" name="Products.Products" tests="1" failures="0" timestamp="26 Mar 2019 07:56:32 GMT" time="192.018" errors="0">
  <testcase name="HoverTabs" time="192.018" classname="Products.Products"/>
</testsuite> <!-- Products.Products -->
