<?xml version="1.0" encoding="UTF-8"?>
<!-- Generated by org.testng.reporters.JUnitReportReporter -->
<testsuite hostname="INW-169" name="HomePage.Footer" tests="3" failures="0" timestamp="5 Apr 2019 13:29:04 GMT" time="725.747" errors="0">
  <testcase name="NewToSalesForce" time="62.341" classname="HomePage.Footer"/>
  <testcase name="PopularLinks" time="220.420" classname="HomePage.Footer"/>
  <testcase name="AboutSalesForce" time="442.986" classname="HomePage.Footer"/>
</testsuite> <!-- HomePage.Footer -->
