<?xml version="1.0" encoding="UTF-8"?>
<!-- Generated by org.testng.reporters.JUnitReportReporter -->
<testsuite hostname="INW-169" name="CustomerSuccess.SortBy" tests="1" failures="0" timestamp="29 Mar 2019 08:08:27 GMT" time="83.378" errors="0">
  <testcase name="FilterCustomer" time="83.378" classname="CustomerSuccess.SortBy"/>
</testsuite> <!-- CustomerSuccess.SortBy -->
