<?xml version="1.0" encoding="UTF-8"?>
<!-- Generated by org.testng.reporters.JUnitReportReporter -->
<testsuite hostname="INW-169" name="HomePage.Footer" tests="3" failures="0" timestamp="25 Mar 2019 13:54:54 GMT" time="284.055" errors="0">
  <testcase name="PopularLinks" time="91.813" classname="HomePage.Footer"/>
  <testcase name="NewToSalesForce" time="24.159" classname="HomePage.Footer"/>
  <testcase name="AboutSalesForce" time="168.083" classname="HomePage.Footer"/>
</testsuite> <!-- HomePage.Footer -->
