<?xml version="1.0" encoding="UTF-8"?>
<!-- Generated by org.testng.reporters.JUnitReportReporter -->
<testsuite hostname="INW-169" name="Events.EventManagement" tests="3" failures="0" timestamp="5 Apr 2019 13:29:04 GMT" time="282.335" errors="0">
  <testcase name="ViewMore" time="104.018" classname="Events.EventManagement"/>
  <testcase name="SelectEventCountry" time="46.027" classname="Events.EventManagement"/>
  <testcase name="SelectEvent" time="132.290" classname="Events.EventManagement"/>
</testsuite> <!-- Events.EventManagement -->
