<?xml version="1.0" encoding="UTF-8"?>
<!-- Generated by org.testng.reporters.JUnitReportReporter -->
<testsuite hostname="INW-169" name="Solutions.Solutions" tests="1" failures="0" timestamp="27 Mar 2019 11:34:39 GMT" time="120.594" errors="0">
  <testcase name="RadioOptions" time="120.594" classname="Solutions.Solutions"/>
</testsuite> <!-- Solutions.Solutions -->
