<?xml version="1.0" encoding="UTF-8"?>
<!-- Generated by org.testng.reporters.JUnitReportReporter -->
<testsuite hostname="INW-169" name="HomePage.Footer" tests="3" failures="0" timestamp="27 Mar 2019 11:34:39 GMT" time="393.994" errors="0">
  <testcase name="PopularLinks" time="125.719" classname="HomePage.Footer"/>
  <testcase name="AboutSalesForce" time="234.510" classname="HomePage.Footer"/>
  <testcase name="NewToSalesForce" time="33.765" classname="HomePage.Footer"/>
</testsuite> <!-- HomePage.Footer -->
